divice cuda:0
start
test_mode: False
is_continuous: False
n_episode: 2000
start_time: 2023-12-13 12:29:04 PM
The shape of an observation:  (3, 84, 84)
the shape of action_space: 5
----------------------------------------------------------------
        Layer (type)               Output Shape         Param #
================================================================
            Conv2d-1           [-1, 64, 42, 42]           9,408
       BatchNorm2d-2           [-1, 64, 42, 42]             128
              ReLU-3           [-1, 64, 42, 42]               0
         MaxPool2d-4           [-1, 64, 21, 21]               0
            Conv2d-5           [-1, 64, 21, 21]          36,864
       BatchNorm2d-6           [-1, 64, 21, 21]             128
              ReLU-7           [-1, 64, 21, 21]               0
            Conv2d-8           [-1, 64, 21, 21]          36,864
       BatchNorm2d-9           [-1, 64, 21, 21]             128
             ReLU-10           [-1, 64, 21, 21]               0
       BasicBlock-11           [-1, 64, 21, 21]               0
           Conv2d-12           [-1, 64, 21, 21]          36,864
      BatchNorm2d-13           [-1, 64, 21, 21]             128
             ReLU-14           [-1, 64, 21, 21]               0
           Conv2d-15           [-1, 64, 21, 21]          36,864
      BatchNorm2d-16           [-1, 64, 21, 21]             128
             ReLU-17           [-1, 64, 21, 21]               0
       BasicBlock-18           [-1, 64, 21, 21]               0
           Conv2d-19          [-1, 128, 11, 11]          73,728
      BatchNorm2d-20          [-1, 128, 11, 11]             256
             ReLU-21          [-1, 128, 11, 11]               0
           Conv2d-22          [-1, 128, 11, 11]         147,456
      BatchNorm2d-23          [-1, 128, 11, 11]             256
           Conv2d-24          [-1, 128, 11, 11]           8,192
      BatchNorm2d-25          [-1, 128, 11, 11]             256
             ReLU-26          [-1, 128, 11, 11]               0
       BasicBlock-27          [-1, 128, 11, 11]               0
           Conv2d-28          [-1, 128, 11, 11]         147,456
      BatchNorm2d-29          [-1, 128, 11, 11]             256
             ReLU-30          [-1, 128, 11, 11]               0
           Conv2d-31          [-1, 128, 11, 11]         147,456
      BatchNorm2d-32          [-1, 128, 11, 11]             256
             ReLU-33          [-1, 128, 11, 11]               0
       BasicBlock-34          [-1, 128, 11, 11]               0
           Conv2d-35            [-1, 256, 6, 6]         294,912
      BatchNorm2d-36            [-1, 256, 6, 6]             512
             ReLU-37            [-1, 256, 6, 6]               0
           Conv2d-38            [-1, 256, 6, 6]         589,824
      BatchNorm2d-39            [-1, 256, 6, 6]             512
           Conv2d-40            [-1, 256, 6, 6]          32,768
      BatchNorm2d-41            [-1, 256, 6, 6]             512
             ReLU-42            [-1, 256, 6, 6]               0
       BasicBlock-43            [-1, 256, 6, 6]               0
           Conv2d-44            [-1, 256, 6, 6]         589,824
      BatchNorm2d-45            [-1, 256, 6, 6]             512
             ReLU-46            [-1, 256, 6, 6]               0
           Conv2d-47            [-1, 256, 6, 6]         589,824
      BatchNorm2d-48            [-1, 256, 6, 6]             512
             ReLU-49            [-1, 256, 6, 6]               0
       BasicBlock-50            [-1, 256, 6, 6]               0
           Conv2d-51            [-1, 512, 3, 3]       1,179,648
      BatchNorm2d-52            [-1, 512, 3, 3]           1,024
             ReLU-53            [-1, 512, 3, 3]               0
           Conv2d-54            [-1, 512, 3, 3]       2,359,296
      BatchNorm2d-55            [-1, 512, 3, 3]           1,024
           Conv2d-56            [-1, 512, 3, 3]         131,072
      BatchNorm2d-57            [-1, 512, 3, 3]           1,024
             ReLU-58            [-1, 512, 3, 3]               0
       BasicBlock-59            [-1, 512, 3, 3]               0
           Conv2d-60            [-1, 512, 3, 3]       2,359,296
      BatchNorm2d-61            [-1, 512, 3, 3]           1,024
             ReLU-62            [-1, 512, 3, 3]               0
           Conv2d-63            [-1, 512, 3, 3]       2,359,296
      BatchNorm2d-64            [-1, 512, 3, 3]           1,024
             ReLU-65            [-1, 512, 3, 3]               0
       BasicBlock-66            [-1, 512, 3, 3]               0
AdaptiveAvgPool2d-67            [-1, 512, 1, 1]               0
           Linear-68                  [-1, 512]         262,656
           ResNet-69                  [-1, 512]               0
           Linear-70                  [-1, 256]         131,328
           Linear-71                    [-1, 5]           1,285
================================================================
Total params: 11,571,781
Trainable params: 11,571,781
Non-trainable params: 0
----------------------------------------------------------------
Input size (MB): 0.08
Forward/backward pass size (MB): 9.41
Params size (MB): 44.14
Estimated Total Size (MB): 53.63
----------------------------------------------------------------
None
n_episode :20, score : -0.043, n_buffer : 5250, eps : 7.9%, step : 250, time : 0:00:08
n_episode :40, score : -0.016, n_buffer : 9016, eps : 7.8%, step : 250, time : 0:00:08
n_episode :60, score : -0.045, n_buffer : 13517, eps : 7.7%, step : 250, time : 0:00:08
n_episode :80, score : -0.047, n_buffer : 17322, eps : 7.6%, step : 250, time : 0:00:08
n_episode :100, score : 0.005, n_buffer : 21197, eps : 7.5%, step : 75, time : 0:00:02
n_episode :120, score : -0.036, n_buffer : 24393, eps : 7.4%, step : 101, time : 0:00:03
n_episode :140, score : -0.037, n_buffer : 29116, eps : 7.3%, step : 250, time : 0:00:08
n_episode :160, score : -0.045, n_buffer : 33074, eps : 7.2%, step : 250, time : 0:00:08
n_episode :180, score : -0.047, n_buffer : 37746, eps : 7.1%, step : 250, time : 0:00:08
n_episode :200, score : -0.017, n_buffer : 41642, eps : 7.0%, step : 79, time : 0:00:02
n_episode :220, score : 0.024, n_buffer : 44657, eps : 6.9%, step : 73, time : 0:00:02
n_episode :240, score : -0.027, n_buffer : 47922, eps : 6.8%, step : 83, time : 0:00:02
n_episode :260, score : -0.045, n_buffer : 50000, eps : 6.7%, step : 118, time : 0:00:04
n_episode :280, score : -0.030, n_buffer : 50000, eps : 6.6%, step : 84, time : 0:00:02
n_episode :300, score : -0.037, n_buffer : 50000, eps : 6.5%, step : 107, time : 0:00:03
n_episode :320, score : -0.005, n_buffer : 50000, eps : 6.4%, step : 87, time : 0:00:02
n_episode :340, score : -0.032, n_buffer : 50000, eps : 6.3%, step : 96, time : 0:00:03
n_episode :360, score : -0.032, n_buffer : 50000, eps : 6.2%, step : 92, time : 0:00:02
n_episode :380, score : -0.045, n_buffer : 50000, eps : 6.1%, step : 250, time : 0:00:08
n_episode :400, score : -0.021, n_buffer : 50000, eps : 6.0%, step : 105, time : 0:00:03
n_episode :420, score : -0.039, n_buffer : 50000, eps : 5.9%, step : 99, time : 0:00:03
n_episode :440, score : -0.035, n_buffer : 50000, eps : 5.8%, step : 111, time : 0:00:03
n_episode :460, score : -0.031, n_buffer : 50000, eps : 5.7%, step : 94, time : 0:00:03
n_episode :480, score : -0.040, n_buffer : 50000, eps : 5.6%, step : 116, time : 0:00:03
n_episode :500, score : -0.035, n_buffer : 50000, eps : 5.5%, step : 103, time : 0:00:03
n_episode :520, score : -0.040, n_buffer : 50000, eps : 5.4%, step : 102, time : 0:00:03
n_episode :540, score : 0.001, n_buffer : 50000, eps : 5.3%, step : 72, time : 0:00:02
n_episode :560, score : -0.031, n_buffer : 50000, eps : 5.2%, step : 89, time : 0:00:02
n_episode :580, score : -0.031, n_buffer : 50000, eps : 5.1%, step : 95, time : 0:00:03
n_episode :600, score : -0.034, n_buffer : 50000, eps : 5.0%, step : 90, time : 0:00:02
n_episode :620, score : -0.032, n_buffer : 50000, eps : 4.9%, step : 91, time : 0:00:02
n_episode :640, score : -0.034, n_buffer : 50000, eps : 4.8%, step : 91, time : 0:00:03
n_episode :660, score : -0.029, n_buffer : 50000, eps : 4.7%, step : 89, time : 0:00:02
n_episode :680, score : -0.038, n_buffer : 50000, eps : 4.6%, step : 102, time : 0:00:03
n_episode :700, score : -0.036, n_buffer : 50000, eps : 4.5%, step : 100, time : 0:00:03
n_episode :720, score : -0.029, n_buffer : 50000, eps : 4.4%, step : 100, time : 0:00:03
n_episode :740, score : -0.037, n_buffer : 50000, eps : 4.3%, step : 110, time : 0:00:03
n_episode :760, score : -0.040, n_buffer : 50000, eps : 4.2%, step : 107, time : 0:00:03
n_episode :780, score : -0.038, n_buffer : 50000, eps : 4.1%, step : 89, time : 0:00:03
n_episode :800, score : 0.008, n_buffer : 50000, eps : 4.0%, step : 62, time : 0:00:02
n_episode :820, score : -0.036, n_buffer : 50000, eps : 3.9%, step : 89, time : 0:00:03
n_episode :840, score : 0.013, n_buffer : 50000, eps : 3.8%, step : 66, time : 0:00:02
n_episode :860, score : -0.035, n_buffer : 50000, eps : 3.7%, step : 103, time : 0:00:03
n_episode :880, score : -0.003, n_buffer : 50000, eps : 3.6%, step : 83, time : 0:00:02
n_episode :900, score : -0.013, n_buffer : 50000, eps : 3.5%, step : 250, time : 0:00:08
n_episode :920, score : -0.008, n_buffer : 50000, eps : 3.4%, step : 65, time : 0:00:02
n_episode :940, score : -0.033, n_buffer : 50000, eps : 3.3%, step : 250, time : 0:00:08
n_episode :960, score : 0.021, n_buffer : 50000, eps : 3.2%, step : 84, time : 0:00:03
n_episode :980, score : -0.024, n_buffer : 50000, eps : 3.1%, step : 250, time : 0:00:08
n_episode :1000, score : 0.028, n_buffer : 50000, eps : 3.0%, step : 82, time : 0:00:02
n_episode :1020, score : -0.036, n_buffer : 50000, eps : 2.9%, step : 91, time : 0:00:03
n_episode :1040, score : 0.019, n_buffer : 50000, eps : 2.8%, step : 68, time : 0:00:02
n_episode :1060, score : 0.005, n_buffer : 50000, eps : 2.7%, step : 250, time : 0:00:08
n_episode :1080, score : -0.042, n_buffer : 50000, eps : 2.6%, step : 250, time : 0:00:08
n_episode :1100, score : -0.047, n_buffer : 50000, eps : 2.5%, step : 250, time : 0:00:08
n_episode :1120, score : -0.047, n_buffer : 50000, eps : 2.4%, step : 250, time : 0:00:09
n_episode :1140, score : -0.041, n_buffer : 50000, eps : 2.3%, step : 111, time : 0:00:03
n_episode :1160, score : -0.034, n_buffer : 50000, eps : 2.2%, step : 96, time : 0:00:03
n_episode :1180, score : -0.021, n_buffer : 50000, eps : 2.1%, step : 250, time : 0:00:08
n_episode :1200, score : -0.033, n_buffer : 50000, eps : 2.0%, step : 89, time : 0:00:02
n_episode :1220, score : -0.021, n_buffer : 50000, eps : 1.9%, step : 250, time : 0:00:08
n_episode :1240, score : -0.025, n_buffer : 50000, eps : 1.8%, step : 250, time : 0:00:08
n_episode :1260, score : 0.010, n_buffer : 50000, eps : 1.7%, step : 71, time : 0:00:02
n_episode :1280, score : -0.033, n_buffer : 50000, eps : 1.6%, step : 90, time : 0:00:02
n_episode :1300, score : -0.023, n_buffer : 50000, eps : 1.5%, step : 250, time : 0:00:08
n_episode :1320, score : -0.033, n_buffer : 50000, eps : 1.4%, step : 97, time : 0:00:03
n_episode :1340, score : -0.031, n_buffer : 50000, eps : 1.3%, step : 89, time : 0:00:02
n_episode :1360, score : -0.039, n_buffer : 50000, eps : 1.2%, step : 250, time : 0:00:08
n_episode :1380, score : -0.047, n_buffer : 50000, eps : 1.1%, step : 250, time : 0:00:08
n_episode :1400, score : -0.047, n_buffer : 50000, eps : 1.0%, step : 250, time : 0:00:08
n_episode :1420, score : 0.010, n_buffer : 50000, eps : 1.0%, step : 99, time : 0:00:03
n_episode :1440, score : -0.036, n_buffer : 50000, eps : 1.0%, step : 89, time : 0:00:02
n_episode :1460, score : -0.032, n_buffer : 50000, eps : 1.0%, step : 91, time : 0:00:02
n_episode :1480, score : -0.019, n_buffer : 50000, eps : 1.0%, step : 250, time : 0:00:08
n_episode :1500, score : -0.034, n_buffer : 50000, eps : 1.0%, step : 89, time : 0:00:02
n_episode :1520, score : -0.033, n_buffer : 50000, eps : 1.0%, step : 90, time : 0:00:02
n_episode :1540, score : -0.029, n_buffer : 50000, eps : 1.0%, step : 90, time : 0:00:02
n_episode :1560, score : -0.039, n_buffer : 50000, eps : 1.0%, step : 250, time : 0:00:08
n_episode :1580, score : -0.040, n_buffer : 50000, eps : 1.0%, step : 250, time : 0:00:08
n_episode :1600, score : 0.106, n_buffer : 50000, eps : 1.0%, step : 250, time : 0:00:08
n_episode :1620, score : -0.039, n_buffer : 50000, eps : 1.0%, step : 105, time : 0:00:03
n_episode :1640, score : 0.052, n_buffer : 50000, eps : 1.0%, step : 250, time : 0:00:07
n_episode :1660, score : -0.034, n_buffer : 50000, eps : 1.0%, step : 89, time : 0:00:02
n_episode :1680, score : -0.032, n_buffer : 50000, eps : 1.0%, step : 100, time : 0:00:03
n_episode :1700, score : 0.096, n_buffer : 50000, eps : 1.0%, step : 250, time : 0:00:08
n_episode :1720, score : -0.034, n_buffer : 50000, eps : 1.0%, step : 99, time : 0:00:03
n_episode :1740, score : 0.161, n_buffer : 50000, eps : 1.0%, step : 250, time : 0:00:08
n_episode :1760, score : -0.040, n_buffer : 50000, eps : 1.0%, step : 250, time : 0:00:08
n_episode :1780, score : 0.208, n_buffer : 50000, eps : 1.0%, step : 250, time : 0:00:08
n_episode :1800, score : 0.050, n_buffer : 50000, eps : 1.0%, step : 250, time : 0:00:08
n_episode :1820, score : -0.040, n_buffer : 50000, eps : 1.0%, step : 250, time : 0:00:08
n_episode :1840, score : -0.017, n_buffer : 50000, eps : 1.0%, step : 63, time : 0:00:02
n_episode :1860, score : 0.003, n_buffer : 50000, eps : 1.0%, step : 250, time : 0:00:08
n_episode :1880, score : -0.044, n_buffer : 50000, eps : 1.0%, step : 120, time : 0:00:03
n_episode :1900, score : -0.046, n_buffer : 50000, eps : 1.0%, step : 250, time : 0:00:08
n_episode :1920, score : -0.022, n_buffer : 50000, eps : 1.0%, step : 250, time : 0:00:08
n_episode :1940, score : -0.035, n_buffer : 50000, eps : 1.0%, step : 89, time : 0:00:02
n_episode :1960, score : -0.038, n_buffer : 50000, eps : 1.0%, step : 100, time : 0:00:03
n_episode :1980, score : -0.046, n_buffer : 50000, eps : 1.0%, step : 250, time : 0:00:08
RL end
