cuda:0 is available
start
is_continuous: False
n_episode: 2000
max_episode_steps: 1000
The shape of an observation:  (4, 84, 84)
the shape of action_space: 5
n_episode :20, score : -0.053, n_buffer : 21000, eps : 100.0%, step : 1000, time : 0:00:13
n_episode :40, score : -0.071, n_buffer : 41000, eps : 100.0%, step : 1000, time : 0:00:15
n_episode :60, score : -0.056, n_buffer : 50000, eps : 100.0%, step : 1000, time : 0:00:14
n_episode :80, score : -0.065, n_buffer : 50000, eps : 100.0%, step : 1000, time : 0:00:14
n_episode :100, score : -0.036, n_buffer : 50000, eps : 100.0%, step : 1000, time : 0:00:14
n_episode :120, score : -0.057, n_buffer : 50000, eps : 100.0%, step : 1000, time : 0:00:13
n_episode :140, score : -0.070, n_buffer : 50000, eps : 100.0%, step : 1000, time : 0:00:14
n_episode :160, score : -0.050, n_buffer : 50000, eps : 100.0%, step : 1000, time : 0:00:14
n_episode :180, score : -0.056, n_buffer : 50000, eps : 100.0%, step : 1000, time : 0:00:14
n_episode :200, score : -0.051, n_buffer : 50000, eps : 100.0%, step : 1000, time : 0:00:14
n_episode :220, score : -0.041, n_buffer : 50000, eps : 100.0%, step : 1000, time : 0:00:14
n_episode :240, score : -0.055, n_buffer : 50000, eps : 100.0%, step : 1000, time : 0:00:14
n_episode :260, score : -0.046, n_buffer : 50000, eps : 100.0%, step : 1000, time : 0:00:13
n_episode :280, score : -0.070, n_buffer : 50000, eps : 100.0%, step : 1000, time : 0:00:14
n_episode :300, score : -0.059, n_buffer : 50000, eps : 100.0%, step : 1000, time : 0:00:14
n_episode :320, score : -0.044, n_buffer : 50000, eps : 100.0%, step : 1000, time : 0:00:14
n_episode :340, score : -0.070, n_buffer : 50000, eps : 100.0%, step : 1000, time : 0:00:14
n_episode :360, score : -0.057, n_buffer : 50000, eps : 100.0%, step : 1000, time : 0:00:14
n_episode :380, score : -0.056, n_buffer : 50000, eps : 100.0%, step : 1000, time : 0:00:14
n_episode :400, score : -0.066, n_buffer : 50000, eps : 100.0%, step : 1000, time : 0:00:14
n_episode :420, score : -0.065, n_buffer : 50000, eps : 100.0%, step : 1000, time : 0:00:13
n_episode :440, score : -0.061, n_buffer : 50000, eps : 100.0%, step : 1000, time : 0:00:14
n_episode :460, score : -0.057, n_buffer : 50000, eps : 100.0%, step : 1000, time : 0:00:13
n_episode :480, score : -0.056, n_buffer : 50000, eps : 100.0%, step : 1000, time : 0:00:14
n_episode :500, score : -0.072, n_buffer : 50000, eps : 100.0%, step : 1000, time : 0:00:14
n_episode :520, score : -0.072, n_buffer : 50000, eps : 100.0%, step : 1000, time : 0:00:14
n_episode :540, score : -0.051, n_buffer : 50000, eps : 100.0%, step : 1000, time : 0:00:14
n_episode :560, score : -0.057, n_buffer : 50000, eps : 99.9%, step : 1000, time : 0:00:13
n_episode :580, score : -0.055, n_buffer : 50000, eps : 99.9%, step : 1000, time : 0:00:13
n_episode :600, score : -0.038, n_buffer : 50000, eps : 99.9%, step : 1000, time : 0:00:14
n_episode :620, score : -0.065, n_buffer : 50000, eps : 99.9%, step : 1000, time : 0:00:14
n_episode :640, score : -0.060, n_buffer : 50000, eps : 99.9%, step : 1000, time : 0:00:14
n_episode :660, score : -0.052, n_buffer : 50000, eps : 99.9%, step : 1000, time : 0:00:13
n_episode :680, score : -0.050, n_buffer : 50000, eps : 99.9%, step : 1000, time : 0:00:14
n_episode :700, score : -0.059, n_buffer : 50000, eps : 99.9%, step : 1000, time : 0:00:13
n_episode :720, score : -0.049, n_buffer : 50000, eps : 99.9%, step : 1000, time : 0:00:13
n_episode :740, score : -0.053, n_buffer : 50000, eps : 99.9%, step : 1000, time : 0:00:14
n_episode :760, score : -0.057, n_buffer : 50000, eps : 99.9%, step : 1000, time : 0:00:13
n_episode :780, score : -0.075, n_buffer : 50000, eps : 99.9%, step : 1000, time : 0:00:13
n_episode :800, score : -0.050, n_buffer : 50000, eps : 99.9%, step : 1000, time : 0:00:13
n_episode :820, score : -0.068, n_buffer : 50000, eps : 99.9%, step : 1000, time : 0:00:13
n_episode :840, score : -0.063, n_buffer : 50000, eps : 99.9%, step : 1000, time : 0:00:14
n_episode :860, score : -0.072, n_buffer : 50000, eps : 99.9%, step : 1000, time : 0:00:14
n_episode :880, score : -0.054, n_buffer : 50000, eps : 99.9%, step : 1000, time : 0:00:13
n_episode :900, score : -0.060, n_buffer : 50000, eps : 99.9%, step : 1000, time : 0:00:14
n_episode :920, score : -0.061, n_buffer : 50000, eps : 99.9%, step : 1000, time : 0:00:14
n_episode :940, score : -0.073, n_buffer : 50000, eps : 99.9%, step : 1000, time : 0:00:14
n_episode :960, score : -0.047, n_buffer : 50000, eps : 99.9%, step : 1000, time : 0:00:14
n_episode :980, score : -0.056, n_buffer : 50000, eps : 99.9%, step : 1000, time : 0:00:13
n_episode :1000, score : -0.064, n_buffer : 50000, eps : 99.9%, step : 1000, time : 0:00:13
n_episode :1020, score : -0.069, n_buffer : 50000, eps : 99.9%, step : 1000, time : 0:00:13
n_episode :1040, score : -0.061, n_buffer : 50000, eps : 99.9%, step : 1000, time : 0:00:13
n_episode :1060, score : -0.065, n_buffer : 50000, eps : 99.9%, step : 1000, time : 0:00:13
n_episode :1080, score : -0.049, n_buffer : 50000, eps : 99.9%, step : 1000, time : 0:00:13
n_episode :1100, score : -0.057, n_buffer : 50000, eps : 99.9%, step : 1000, time : 0:00:14
n_episode :1120, score : -0.070, n_buffer : 50000, eps : 99.9%, step : 1000, time : 0:00:14
n_episode :1140, score : -0.077, n_buffer : 50000, eps : 99.9%, step : 1000, time : 0:00:14
n_episode :1160, score : -0.036, n_buffer : 50000, eps : 99.9%, step : 1000, time : 0:00:14
n_episode :1180, score : -0.027, n_buffer : 50000, eps : 99.9%, step : 1000, time : 0:00:14
n_episode :1200, score : -0.055, n_buffer : 50000, eps : 99.9%, step : 1000, time : 0:00:14
n_episode :1220, score : -0.069, n_buffer : 50000, eps : 99.9%, step : 1000, time : 0:00:14
n_episode :1240, score : -0.048, n_buffer : 50000, eps : 99.9%, step : 1000, time : 0:00:13
n_episode :1260, score : -0.042, n_buffer : 50000, eps : 99.9%, step : 1000, time : 0:00:14
n_episode :1280, score : -0.058, n_buffer : 50000, eps : 99.9%, step : 1000, time : 0:00:14
n_episode :1300, score : -0.052, n_buffer : 50000, eps : 99.9%, step : 1000, time : 0:00:14
n_episode :1320, score : -0.054, n_buffer : 50000, eps : 99.9%, step : 1000, time : 0:00:13
n_episode :1340, score : -0.049, n_buffer : 50000, eps : 99.9%, step : 1000, time : 0:00:14
n_episode :1360, score : -0.052, n_buffer : 50000, eps : 99.9%, step : 1000, time : 0:00:13
n_episode :1380, score : -0.063, n_buffer : 50000, eps : 99.9%, step : 1000, time : 0:00:13
n_episode :1400, score : -0.077, n_buffer : 50000, eps : 99.9%, step : 1000, time : 0:00:13
n_episode :1420, score : -0.069, n_buffer : 50000, eps : 99.9%, step : 1000, time : 0:00:13
n_episode :1440, score : -0.053, n_buffer : 50000, eps : 99.9%, step : 1000, time : 0:00:14
n_episode :1460, score : -0.054, n_buffer : 50000, eps : 99.9%, step : 1000, time : 0:00:13
n_episode :1480, score : -0.046, n_buffer : 50000, eps : 99.9%, step : 1000, time : 0:00:13
n_episode :1500, score : -0.069, n_buffer : 50000, eps : 99.9%, step : 1000, time : 0:00:13
n_episode :1520, score : -0.042, n_buffer : 50000, eps : 99.9%, step : 1000, time : 0:00:14
n_episode :1540, score : -0.045, n_buffer : 50000, eps : 99.9%, step : 1000, time : 0:00:14
n_episode :1560, score : -0.036, n_buffer : 50000, eps : 99.9%, step : 1000, time : 0:00:14
n_episode :1580, score : -0.044, n_buffer : 50000, eps : 99.9%, step : 1000, time : 0:00:14
n_episode :1600, score : -0.064, n_buffer : 50000, eps : 99.9%, step : 1000, time : 0:00:14
n_episode :1620, score : -0.059, n_buffer : 50000, eps : 99.9%, step : 1000, time : 0:00:14
n_episode :1640, score : -0.055, n_buffer : 50000, eps : 99.9%, step : 1000, time : 0:00:14
n_episode :1660, score : -0.054, n_buffer : 50000, eps : 99.9%, step : 1000, time : 0:00:14
n_episode :1680, score : -0.056, n_buffer : 50000, eps : 99.8%, step : 1000, time : 0:00:13
n_episode :1700, score : -0.068, n_buffer : 50000, eps : 99.8%, step : 1000, time : 0:00:14
n_episode :1720, score : -0.065, n_buffer : 50000, eps : 99.8%, step : 1000, time : 0:00:13
n_episode :1740, score : -0.072, n_buffer : 50000, eps : 99.8%, step : 1000, time : 0:00:14
n_episode :1760, score : -0.048, n_buffer : 50000, eps : 99.8%, step : 1000, time : 0:00:14
n_episode :1780, score : -0.050, n_buffer : 50000, eps : 99.8%, step : 1000, time : 0:00:13
n_episode :1800, score : -0.070, n_buffer : 50000, eps : 99.8%, step : 1000, time : 0:00:14
n_episode :1820, score : -0.054, n_buffer : 50000, eps : 99.8%, step : 1000, time : 0:00:14
n_episode :1840, score : -0.061, n_buffer : 50000, eps : 99.8%, step : 1000, time : 0:00:14
n_episode :1860, score : -0.046, n_buffer : 50000, eps : 99.8%, step : 1000, time : 0:00:13
n_episode :1880, score : -0.070, n_buffer : 50000, eps : 99.8%, step : 1000, time : 0:00:14
n_episode :1900, score : -0.059, n_buffer : 50000, eps : 99.8%, step : 1000, time : 0:00:14
n_episode :1920, score : -0.051, n_buffer : 50000, eps : 99.8%, step : 1000, time : 0:00:14
n_episode :1940, score : -0.051, n_buffer : 50000, eps : 99.8%, step : 1000, time : 0:00:15
n_episode :1960, score : -0.069, n_buffer : 50000, eps : 99.8%, step : 1000, time : 0:00:14
n_episode :1980, score : -0.068, n_buffer : 50000, eps : 99.8%, step : 1000, time : 0:00:13
RL end
