divice cuda:0
start
test_mode: False
is_continuous: False
n_episode: 10000
start_time: 2023-12-13 11:06:36 PM
The shape of an observation:  (3, 84, 84)
the shape of action_space: 5
----------------------------------------------------------------
        Layer (type)               Output Shape         Param #
================================================================
            Conv2d-1           [-1, 64, 42, 42]           9,408
       BatchNorm2d-2           [-1, 64, 42, 42]             128
              ReLU-3           [-1, 64, 42, 42]               0
         MaxPool2d-4           [-1, 64, 21, 21]               0
            Conv2d-5           [-1, 64, 21, 21]          36,864
       BatchNorm2d-6           [-1, 64, 21, 21]             128
              ReLU-7           [-1, 64, 21, 21]               0
            Conv2d-8           [-1, 64, 21, 21]          36,864
       BatchNorm2d-9           [-1, 64, 21, 21]             128
             ReLU-10           [-1, 64, 21, 21]               0
       BasicBlock-11           [-1, 64, 21, 21]               0
           Conv2d-12           [-1, 64, 21, 21]          36,864
      BatchNorm2d-13           [-1, 64, 21, 21]             128
             ReLU-14           [-1, 64, 21, 21]               0
           Conv2d-15           [-1, 64, 21, 21]          36,864
      BatchNorm2d-16           [-1, 64, 21, 21]             128
             ReLU-17           [-1, 64, 21, 21]               0
       BasicBlock-18           [-1, 64, 21, 21]               0
           Conv2d-19          [-1, 128, 11, 11]          73,728
      BatchNorm2d-20          [-1, 128, 11, 11]             256
             ReLU-21          [-1, 128, 11, 11]               0
           Conv2d-22          [-1, 128, 11, 11]         147,456
      BatchNorm2d-23          [-1, 128, 11, 11]             256
           Conv2d-24          [-1, 128, 11, 11]           8,192
      BatchNorm2d-25          [-1, 128, 11, 11]             256
             ReLU-26          [-1, 128, 11, 11]               0
       BasicBlock-27          [-1, 128, 11, 11]               0
           Conv2d-28          [-1, 128, 11, 11]         147,456
      BatchNorm2d-29          [-1, 128, 11, 11]             256
             ReLU-30          [-1, 128, 11, 11]               0
           Conv2d-31          [-1, 128, 11, 11]         147,456
      BatchNorm2d-32          [-1, 128, 11, 11]             256
             ReLU-33          [-1, 128, 11, 11]               0
       BasicBlock-34          [-1, 128, 11, 11]               0
           Conv2d-35            [-1, 256, 6, 6]         294,912
      BatchNorm2d-36            [-1, 256, 6, 6]             512
             ReLU-37            [-1, 256, 6, 6]               0
           Conv2d-38            [-1, 256, 6, 6]         589,824
      BatchNorm2d-39            [-1, 256, 6, 6]             512
           Conv2d-40            [-1, 256, 6, 6]          32,768
      BatchNorm2d-41            [-1, 256, 6, 6]             512
             ReLU-42            [-1, 256, 6, 6]               0
       BasicBlock-43            [-1, 256, 6, 6]               0
           Conv2d-44            [-1, 256, 6, 6]         589,824
      BatchNorm2d-45            [-1, 256, 6, 6]             512
             ReLU-46            [-1, 256, 6, 6]               0
           Conv2d-47            [-1, 256, 6, 6]         589,824
      BatchNorm2d-48            [-1, 256, 6, 6]             512
             ReLU-49            [-1, 256, 6, 6]               0
       BasicBlock-50            [-1, 256, 6, 6]               0
           Conv2d-51            [-1, 512, 3, 3]       1,179,648
      BatchNorm2d-52            [-1, 512, 3, 3]           1,024
             ReLU-53            [-1, 512, 3, 3]               0
           Conv2d-54            [-1, 512, 3, 3]       2,359,296
      BatchNorm2d-55            [-1, 512, 3, 3]           1,024
           Conv2d-56            [-1, 512, 3, 3]         131,072
      BatchNorm2d-57            [-1, 512, 3, 3]           1,024
             ReLU-58            [-1, 512, 3, 3]               0
       BasicBlock-59            [-1, 512, 3, 3]               0
           Conv2d-60            [-1, 512, 3, 3]       2,359,296
      BatchNorm2d-61            [-1, 512, 3, 3]           1,024
             ReLU-62            [-1, 512, 3, 3]               0
           Conv2d-63            [-1, 512, 3, 3]       2,359,296
      BatchNorm2d-64            [-1, 512, 3, 3]           1,024
             ReLU-65            [-1, 512, 3, 3]               0
       BasicBlock-66            [-1, 512, 3, 3]               0
AdaptiveAvgPool2d-67            [-1, 512, 1, 1]               0
           Linear-68                  [-1, 512]         262,656
           ResNet-69                  [-1, 512]               0
           Linear-70                  [-1, 256]         131,328
           Linear-71                    [-1, 5]           1,285
================================================================
Total params: 11,571,781
Trainable params: 11,571,781
Non-trainable params: 0
----------------------------------------------------------------
Input size (MB): 0.08
Forward/backward pass size (MB): 9.41
Params size (MB): 44.14
Estimated Total Size (MB): 53.63
----------------------------------------------------------------
None
divice cuda:0
start
test_mode: False
is_continuous: False
n_episode: 10000
start_time: 2023-12-13 11:11:10 PM
The shape of an observation:  (3, 84, 84)
the shape of action_space: 5
----------------------------------------------------------------
        Layer (type)               Output Shape         Param #
================================================================
            Conv2d-1           [-1, 64, 42, 42]           9,408
       BatchNorm2d-2           [-1, 64, 42, 42]             128
              ReLU-3           [-1, 64, 42, 42]               0
         MaxPool2d-4           [-1, 64, 21, 21]               0
            Conv2d-5           [-1, 64, 21, 21]          36,864
       BatchNorm2d-6           [-1, 64, 21, 21]             128
              ReLU-7           [-1, 64, 21, 21]               0
            Conv2d-8           [-1, 64, 21, 21]          36,864
       BatchNorm2d-9           [-1, 64, 21, 21]             128
             ReLU-10           [-1, 64, 21, 21]               0
       BasicBlock-11           [-1, 64, 21, 21]               0
           Conv2d-12           [-1, 64, 21, 21]          36,864
      BatchNorm2d-13           [-1, 64, 21, 21]             128
             ReLU-14           [-1, 64, 21, 21]               0
           Conv2d-15           [-1, 64, 21, 21]          36,864
      BatchNorm2d-16           [-1, 64, 21, 21]             128
             ReLU-17           [-1, 64, 21, 21]               0
       BasicBlock-18           [-1, 64, 21, 21]               0
           Conv2d-19          [-1, 128, 11, 11]          73,728
      BatchNorm2d-20          [-1, 128, 11, 11]             256
             ReLU-21          [-1, 128, 11, 11]               0
           Conv2d-22          [-1, 128, 11, 11]         147,456
      BatchNorm2d-23          [-1, 128, 11, 11]             256
           Conv2d-24          [-1, 128, 11, 11]           8,192
      BatchNorm2d-25          [-1, 128, 11, 11]             256
             ReLU-26          [-1, 128, 11, 11]               0
       BasicBlock-27          [-1, 128, 11, 11]               0
           Conv2d-28          [-1, 128, 11, 11]         147,456
      BatchNorm2d-29          [-1, 128, 11, 11]             256
             ReLU-30          [-1, 128, 11, 11]               0
           Conv2d-31          [-1, 128, 11, 11]         147,456
      BatchNorm2d-32          [-1, 128, 11, 11]             256
             ReLU-33          [-1, 128, 11, 11]               0
       BasicBlock-34          [-1, 128, 11, 11]               0
           Conv2d-35            [-1, 256, 6, 6]         294,912
      BatchNorm2d-36            [-1, 256, 6, 6]             512
             ReLU-37            [-1, 256, 6, 6]               0
           Conv2d-38            [-1, 256, 6, 6]         589,824
      BatchNorm2d-39            [-1, 256, 6, 6]             512
           Conv2d-40            [-1, 256, 6, 6]          32,768
      BatchNorm2d-41            [-1, 256, 6, 6]             512
             ReLU-42            [-1, 256, 6, 6]               0
       BasicBlock-43            [-1, 256, 6, 6]               0
           Conv2d-44            [-1, 256, 6, 6]         589,824
      BatchNorm2d-45            [-1, 256, 6, 6]             512
             ReLU-46            [-1, 256, 6, 6]               0
           Conv2d-47            [-1, 256, 6, 6]         589,824
      BatchNorm2d-48            [-1, 256, 6, 6]             512
             ReLU-49            [-1, 256, 6, 6]               0
       BasicBlock-50            [-1, 256, 6, 6]               0
           Conv2d-51            [-1, 512, 3, 3]       1,179,648
      BatchNorm2d-52            [-1, 512, 3, 3]           1,024
             ReLU-53            [-1, 512, 3, 3]               0
           Conv2d-54            [-1, 512, 3, 3]       2,359,296
      BatchNorm2d-55            [-1, 512, 3, 3]           1,024
           Conv2d-56            [-1, 512, 3, 3]         131,072
      BatchNorm2d-57            [-1, 512, 3, 3]           1,024
             ReLU-58            [-1, 512, 3, 3]               0
       BasicBlock-59            [-1, 512, 3, 3]               0
           Conv2d-60            [-1, 512, 3, 3]       2,359,296
      BatchNorm2d-61            [-1, 512, 3, 3]           1,024
             ReLU-62            [-1, 512, 3, 3]               0
           Conv2d-63            [-1, 512, 3, 3]       2,359,296
      BatchNorm2d-64            [-1, 512, 3, 3]           1,024
             ReLU-65            [-1, 512, 3, 3]               0
       BasicBlock-66            [-1, 512, 3, 3]               0
AdaptiveAvgPool2d-67            [-1, 512, 1, 1]               0
           Linear-68                  [-1, 512]         262,656
           ResNet-69                  [-1, 512]               0
           Linear-70                  [-1, 256]         131,328
           Linear-71                    [-1, 5]           1,285
================================================================
Total params: 11,571,781
Trainable params: 11,571,781
Non-trainable params: 0
----------------------------------------------------------------
Input size (MB): 0.08
Forward/backward pass size (MB): 9.41
Params size (MB): 44.14
Estimated Total Size (MB): 53.63
----------------------------------------------------------------
None
n_episode :20, score : -0.038, n_buffer : 4487, eps : 7.9%, step : 250, time : 0:00:07
n_episode :40, score : -0.034, n_buffer : 7733, eps : 7.8%, step : 95, time : 0:00:02
n_episode :60, score : -0.045, n_buffer : 12097, eps : 7.7%, step : 250, time : 0:00:07
n_episode :80, score : -0.038, n_buffer : 15722, eps : 7.6%, step : 91, time : 0:00:02
n_episode :100, score : -0.046, n_buffer : 19034, eps : 7.5%, step : 250, time : 0:00:08
n_episode :120, score : -0.030, n_buffer : 22741, eps : 7.4%, step : 107, time : 0:00:03
n_episode :140, score : -0.045, n_buffer : 26651, eps : 7.3%, step : 250, time : 0:00:08
n_episode :160, score : -0.037, n_buffer : 30673, eps : 7.2%, step : 112, time : 0:00:03
n_episode :180, score : -0.044, n_buffer : 34310, eps : 7.1%, step : 250, time : 0:00:07
n_episode :200, score : -0.036, n_buffer : 37725, eps : 7.0%, step : 101, time : 0:00:03
n_episode :220, score : -0.040, n_buffer : 41932, eps : 6.9%, step : 250, time : 0:00:07
n_episode :240, score : -0.044, n_buffer : 45245, eps : 6.8%, step : 250, time : 0:00:07
n_episode :260, score : -0.036, n_buffer : 48553, eps : 6.7%, step : 101, time : 0:00:03
n_episode :280, score : -0.036, n_buffer : 50000, eps : 6.6%, step : 90, time : 0:00:02
n_episode :300, score : -0.034, n_buffer : 50000, eps : 6.5%, step : 90, time : 0:00:02
n_episode :320, score : -0.003, n_buffer : 50000, eps : 6.4%, step : 79, time : 0:00:02
n_episode :340, score : 0.010, n_buffer : 50000, eps : 6.3%, step : 250, time : 0:00:07
n_episode :360, score : 0.026, n_buffer : 50000, eps : 6.2%, step : 73, time : 0:00:02
n_episode :380, score : -0.032, n_buffer : 50000, eps : 6.1%, step : 90, time : 0:00:02
n_episode :400, score : -0.029, n_buffer : 50000, eps : 6.0%, step : 94, time : 0:00:02
n_episode :420, score : -0.032, n_buffer : 50000, eps : 5.9%, step : 113, time : 0:00:03
n_episode :440, score : -0.045, n_buffer : 50000, eps : 5.8%, step : 250, time : 0:00:08
n_episode :460, score : -0.031, n_buffer : 50000, eps : 5.7%, step : 93, time : 0:00:02
n_episode :480, score : -0.033, n_buffer : 50000, eps : 5.6%, step : 89, time : 0:00:02
n_episode :500, score : -0.036, n_buffer : 50000, eps : 5.5%, step : 91, time : 0:00:02
n_episode :520, score : -0.044, n_buffer : 50000, eps : 5.4%, step : 250, time : 0:00:07
n_episode :540, score : -0.032, n_buffer : 50000, eps : 5.3%, step : 99, time : 0:00:03
n_episode :560, score : -0.019, n_buffer : 50000, eps : 5.2%, step : 70, time : 0:00:02
n_episode :580, score : -0.034, n_buffer : 50000, eps : 5.1%, step : 92, time : 0:00:02
n_episode :600, score : -0.030, n_buffer : 50000, eps : 5.0%, step : 89, time : 0:00:02
n_episode :620, score : -0.039, n_buffer : 50000, eps : 4.9%, step : 107, time : 0:00:03
n_episode :640, score : -0.021, n_buffer : 50000, eps : 4.8%, step : 73, time : 0:00:02
n_episode :660, score : -0.040, n_buffer : 50000, eps : 4.7%, step : 102, time : 0:00:03
n_episode :680, score : -0.030, n_buffer : 50000, eps : 4.6%, step : 250, time : 0:00:08
n_episode :700, score : -0.005, n_buffer : 50000, eps : 4.5%, step : 62, time : 0:00:01
n_episode :720, score : -0.037, n_buffer : 50000, eps : 4.4%, step : 123, time : 0:00:03
n_episode :740, score : -0.027, n_buffer : 50000, eps : 4.3%, step : 90, time : 0:00:02
n_episode :760, score : -0.046, n_buffer : 50000, eps : 4.2%, step : 250, time : 0:00:07
n_episode :780, score : -0.032, n_buffer : 50000, eps : 4.1%, step : 89, time : 0:00:02
n_episode :800, score : -0.046, n_buffer : 50000, eps : 4.0%, step : 250, time : 0:00:07
n_episode :820, score : -0.041, n_buffer : 50000, eps : 3.9%, step : 121, time : 0:00:03
n_episode :840, score : -0.031, n_buffer : 50000, eps : 3.8%, step : 88, time : 0:00:02
n_episode :860, score : 0.028, n_buffer : 50000, eps : 3.7%, step : 136, time : 0:00:04
n_episode :880, score : 0.022, n_buffer : 50000, eps : 3.6%, step : 67, time : 0:00:02
n_episode :900, score : 0.007, n_buffer : 50000, eps : 3.5%, step : 250, time : 0:00:08
n_episode :920, score : -0.046, n_buffer : 50000, eps : 3.4%, step : 250, time : 0:00:08
n_episode :940, score : -0.047, n_buffer : 50000, eps : 3.3%, step : 250, time : 0:00:08
n_episode :960, score : -0.040, n_buffer : 50000, eps : 3.2%, step : 250, time : 0:00:08
n_episode :980, score : -0.004, n_buffer : 50000, eps : 3.1%, step : 205, time : 0:00:06
n_episode :1000, score : -0.047, n_buffer : 50000, eps : 3.0%, step : 250, time : 0:00:07
n_episode :1020, score : -0.034, n_buffer : 50000, eps : 2.9%, step : 89, time : 0:00:02
n_episode :1040, score : -0.018, n_buffer : 50000, eps : 2.8%, step : 250, time : 0:00:08
n_episode :1060, score : -0.047, n_buffer : 50000, eps : 2.7%, step : 250, time : 0:00:08
n_episode :1080, score : -0.029, n_buffer : 50000, eps : 2.6%, step : 69, time : 0:00:02
n_episode :1100, score : -0.046, n_buffer : 50000, eps : 2.5%, step : 250, time : 0:00:07
n_episode :1120, score : -0.040, n_buffer : 50000, eps : 2.4%, step : 250, time : 0:00:08
n_episode :1140, score : 0.006, n_buffer : 50000, eps : 2.3%, step : 250, time : 0:00:08
n_episode :1160, score : -0.043, n_buffer : 50000, eps : 2.2%, step : 250, time : 0:00:08
n_episode :1180, score : -0.039, n_buffer : 50000, eps : 2.1%, step : 250, time : 0:00:07
n_episode :1200, score : -0.029, n_buffer : 50000, eps : 2.0%, step : 90, time : 0:00:02
n_episode :1220, score : -0.043, n_buffer : 50000, eps : 1.9%, step : 250, time : 0:00:08
n_episode :1240, score : -0.040, n_buffer : 50000, eps : 1.8%, step : 250, time : 0:00:08
n_episode :1260, score : -0.036, n_buffer : 50000, eps : 1.7%, step : 95, time : 0:00:02
n_episode :1280, score : -0.039, n_buffer : 50000, eps : 1.6%, step : 250, time : 0:00:07
n_episode :1300, score : -0.042, n_buffer : 50000, eps : 1.5%, step : 250, time : 0:00:08
n_episode :1320, score : -0.043, n_buffer : 50000, eps : 1.4%, step : 250, time : 0:00:08
n_episode :1340, score : -0.047, n_buffer : 50000, eps : 1.3%, step : 250, time : 0:00:08
n_episode :1360, score : -0.031, n_buffer : 50000, eps : 1.2%, step : 89, time : 0:00:02
n_episode :1380, score : -0.019, n_buffer : 50000, eps : 1.1%, step : 250, time : 0:00:07
n_episode :1400, score : -0.016, n_buffer : 50000, eps : 1.0%, step : 250, time : 0:00:07
n_episode :1420, score : -0.046, n_buffer : 50000, eps : 1.0%, step : 250, time : 0:00:07
n_episode :1440, score : -0.046, n_buffer : 50000, eps : 1.0%, step : 250, time : 0:00:08
n_episode :1460, score : 0.020, n_buffer : 50000, eps : 1.0%, step : 250, time : 0:00:08
n_episode :1480, score : 0.018, n_buffer : 50000, eps : 1.0%, step : 67, time : 0:00:02
n_episode :1500, score : -0.046, n_buffer : 50000, eps : 1.0%, step : 250, time : 0:00:07
n_episode :1520, score : -0.062, n_buffer : 50000, eps : 1.0%, step : 229, time : 0:00:07
n_episode :1540, score : -0.037, n_buffer : 50000, eps : 1.0%, step : 112, time : 0:00:03
n_episode :1560, score : -0.047, n_buffer : 50000, eps : 1.0%, step : 250, time : 0:00:08
n_episode :1580, score : -0.017, n_buffer : 50000, eps : 1.0%, step : 250, time : 0:00:08
n_episode :1600, score : -0.005, n_buffer : 50000, eps : 1.0%, step : 250, time : 0:00:08
n_episode :1620, score : -0.007, n_buffer : 50000, eps : 1.0%, step : 62, time : 0:00:02
n_episode :1640, score : -0.046, n_buffer : 50000, eps : 1.0%, step : 250, time : 0:00:07
n_episode :1660, score : -0.047, n_buffer : 50000, eps : 1.0%, step : 250, time : 0:00:08
n_episode :1680, score : -0.045, n_buffer : 50000, eps : 1.0%, step : 250, time : 0:00:08
n_episode :1700, score : -0.034, n_buffer : 50000, eps : 1.0%, step : 250, time : 0:00:08
n_episode :1720, score : -0.006, n_buffer : 50000, eps : 1.0%, step : 250, time : 0:00:08
n_episode :1740, score : -0.047, n_buffer : 50000, eps : 1.0%, step : 250, time : 0:00:07
n_episode :1760, score : -0.047, n_buffer : 50000, eps : 1.0%, step : 250, time : 0:00:08
n_episode :1780, score : -0.046, n_buffer : 50000, eps : 1.0%, step : 250, time : 0:00:07
n_episode :1800, score : -0.046, n_buffer : 50000, eps : 1.0%, step : 250, time : 0:00:07
n_episode :1820, score : -0.046, n_buffer : 50000, eps : 1.0%, step : 250, time : 0:00:08
n_episode :1840, score : -0.047, n_buffer : 50000, eps : 1.0%, step : 250, time : 0:00:07
n_episode :1860, score : -0.046, n_buffer : 50000, eps : 1.0%, step : 250, time : 0:00:07
n_episode :1880, score : -0.047, n_buffer : 50000, eps : 1.0%, step : 250, time : 0:00:08
n_episode :1900, score : -0.047, n_buffer : 50000, eps : 1.0%, step : 250, time : 0:00:08
n_episode :1920, score : -0.033, n_buffer : 50000, eps : 1.0%, step : 250, time : 0:00:08
n_episode :1940, score : -0.047, n_buffer : 50000, eps : 1.0%, step : 250, time : 0:00:08
n_episode :1960, score : -0.047, n_buffer : 50000, eps : 1.0%, step : 250, time : 0:00:08
n_episode :1980, score : -0.046, n_buffer : 50000, eps : 1.0%, step : 250, time : 0:00:07
n_episode :2000, score : -0.046, n_buffer : 50000, eps : 1.0%, step : 250, time : 0:00:08
n_episode :2020, score : -0.046, n_buffer : 50000, eps : 1.0%, step : 250, time : 0:00:07
n_episode :2040, score : -0.047, n_buffer : 50000, eps : 1.0%, step : 250, time : 0:00:07
n_episode :2060, score : -0.047, n_buffer : 50000, eps : 1.0%, step : 250, time : 0:00:07
n_episode :2080, score : -0.047, n_buffer : 50000, eps : 1.0%, step : 250, time : 0:00:08
n_episode :2100, score : -0.047, n_buffer : 50000, eps : 1.0%, step : 250, time : 0:00:07
n_episode :2120, score : -0.047, n_buffer : 50000, eps : 1.0%, step : 250, time : 0:00:08
n_episode :2140, score : -0.047, n_buffer : 50000, eps : 1.0%, step : 250, time : 0:00:07
n_episode :2160, score : -0.047, n_buffer : 50000, eps : 1.0%, step : 250, time : 0:00:07
n_episode :2180, score : -0.046, n_buffer : 50000, eps : 1.0%, step : 250, time : 0:00:07
n_episode :2200, score : -0.047, n_buffer : 50000, eps : 1.0%, step : 250, time : 0:00:08
n_episode :2220, score : -0.047, n_buffer : 50000, eps : 1.0%, step : 250, time : 0:00:08
n_episode :2240, score : -0.047, n_buffer : 50000, eps : 1.0%, step : 250, time : 0:00:07
n_episode :2260, score : -0.046, n_buffer : 50000, eps : 1.0%, step : 250, time : 0:00:07
n_episode :2280, score : -0.046, n_buffer : 50000, eps : 1.0%, step : 250, time : 0:00:07
n_episode :2300, score : -0.046, n_buffer : 50000, eps : 1.0%, step : 250, time : 0:00:07
n_episode :2320, score : -0.046, n_buffer : 50000, eps : 1.0%, step : 250, time : 0:00:08
n_episode :2340, score : -0.046, n_buffer : 50000, eps : 1.0%, step : 250, time : 0:00:07
n_episode :2360, score : -0.047, n_buffer : 50000, eps : 1.0%, step : 250, time : 0:00:08
n_episode :2380, score : -0.046, n_buffer : 50000, eps : 1.0%, step : 250, time : 0:00:07
n_episode :2400, score : -0.047, n_buffer : 50000, eps : 1.0%, step : 250, time : 0:00:08
n_episode :2420, score : -0.047, n_buffer : 50000, eps : 1.0%, step : 250, time : 0:00:08
n_episode :2440, score : -0.047, n_buffer : 50000, eps : 1.0%, step : 250, time : 0:00:08
n_episode :2460, score : -0.030, n_buffer : 50000, eps : 1.0%, step : 89, time : 0:00:02
n_episode :2480, score : -0.028, n_buffer : 50000, eps : 1.0%, step : 89, time : 0:00:02
n_episode :2500, score : -0.047, n_buffer : 50000, eps : 1.0%, step : 250, time : 0:00:08
n_episode :2520, score : -0.016, n_buffer : 50000, eps : 1.0%, step : 250, time : 0:00:08
n_episode :2540, score : -0.046, n_buffer : 50000, eps : 1.0%, step : 250, time : 0:00:07
n_episode :2560, score : -0.014, n_buffer : 50000, eps : 1.0%, step : 209, time : 0:00:06
n_episode :2580, score : -0.045, n_buffer : 50000, eps : 1.0%, step : 250, time : 0:00:08
n_episode :2600, score : -0.041, n_buffer : 50000, eps : 1.0%, step : 250, time : 0:00:08
n_episode :2620, score : -0.047, n_buffer : 50000, eps : 1.0%, step : 250, time : 0:00:07
n_episode :2640, score : -0.047, n_buffer : 50000, eps : 1.0%, step : 250, time : 0:00:08
n_episode :2660, score : -0.045, n_buffer : 50000, eps : 1.0%, step : 250, time : 0:00:08
n_episode :2680, score : -0.046, n_buffer : 50000, eps : 1.0%, step : 250, time : 0:00:07
n_episode :2700, score : -0.041, n_buffer : 50000, eps : 1.0%, step : 250, time : 0:00:08
n_episode :2720, score : -0.041, n_buffer : 50000, eps : 1.0%, step : 250, time : 0:00:08
n_episode :2740, score : -0.047, n_buffer : 50000, eps : 1.0%, step : 250, time : 0:00:08
n_episode :2760, score : -0.045, n_buffer : 50000, eps : 1.0%, step : 250, time : 0:00:07
n_episode :2780, score : -0.012, n_buffer : 50000, eps : 1.0%, step : 250, time : 0:00:08
n_episode :2800, score : -0.030, n_buffer : 50000, eps : 1.0%, step : 90, time : 0:00:02
n_episode :2820, score : -0.011, n_buffer : 50000, eps : 1.0%, step : 60, time : 0:00:01
n_episode :2840, score : -0.047, n_buffer : 50000, eps : 1.0%, step : 250, time : 0:00:08
n_episode :2860, score : -0.047, n_buffer : 50000, eps : 1.0%, step : 250, time : 0:00:08
n_episode :2880, score : -0.034, n_buffer : 50000, eps : 1.0%, step : 89, time : 0:00:02
n_episode :2900, score : -0.042, n_buffer : 50000, eps : 1.0%, step : 250, time : 0:00:08
n_episode :2920, score : -0.060, n_buffer : 50000, eps : 1.0%, step : 221, time : 0:00:07
n_episode :2940, score : 0.029, n_buffer : 50000, eps : 1.0%, step : 250, time : 0:00:08
n_episode :2960, score : -0.035, n_buffer : 50000, eps : 1.0%, step : 97, time : 0:00:03
n_episode :2980, score : -0.043, n_buffer : 50000, eps : 1.0%, step : 250, time : 0:00:07
n_episode :3000, score : -0.046, n_buffer : 50000, eps : 1.0%, step : 250, time : 0:00:07
n_episode :3020, score : -0.046, n_buffer : 50000, eps : 1.0%, step : 250, time : 0:00:07
n_episode :3040, score : -0.014, n_buffer : 50000, eps : 1.0%, step : 250, time : 0:00:08
n_episode :3060, score : -0.046, n_buffer : 50000, eps : 1.0%, step : 250, time : 0:00:07
n_episode :3080, score : -0.033, n_buffer : 50000, eps : 1.0%, step : 89, time : 0:00:02
n_episode :3100, score : -0.047, n_buffer : 50000, eps : 1.0%, step : 56, time : 0:00:01
n_episode :3120, score : -0.047, n_buffer : 50000, eps : 1.0%, step : 250, time : 0:00:08
n_episode :3140, score : 0.000, n_buffer : 50000, eps : 1.0%, step : 61, time : 0:00:01
n_episode :3160, score : -0.050, n_buffer : 50000, eps : 1.0%, step : 95, time : 0:00:03
n_episode :3180, score : -0.029, n_buffer : 50000, eps : 1.0%, step : 250, time : 0:00:08
n_episode :3200, score : -0.043, n_buffer : 50000, eps : 1.0%, step : 250, time : 0:00:08
n_episode :3220, score : -0.047, n_buffer : 50000, eps : 1.0%, step : 250, time : 0:00:07
n_episode :3240, score : -0.034, n_buffer : 50000, eps : 1.0%, step : 250, time : 0:00:07
n_episode :3260, score : -0.023, n_buffer : 50000, eps : 1.0%, step : 250, time : 0:00:07
n_episode :3280, score : -0.041, n_buffer : 50000, eps : 1.0%, step : 250, time : 0:00:07
n_episode :3300, score : -0.032, n_buffer : 50000, eps : 1.0%, step : 97, time : 0:00:03
n_episode :3320, score : -0.000, n_buffer : 50000, eps : 1.0%, step : 250, time : 0:00:07
n_episode :3340, score : -0.040, n_buffer : 50000, eps : 1.0%, step : 250, time : 0:00:07
n_episode :3360, score : -0.046, n_buffer : 50000, eps : 1.0%, step : 250, time : 0:00:07
n_episode :3380, score : 0.015, n_buffer : 50000, eps : 1.0%, step : 63, time : 0:00:02
n_episode :3400, score : -0.031, n_buffer : 50000, eps : 1.0%, step : 89, time : 0:00:02
n_episode :3420, score : -0.047, n_buffer : 50000, eps : 1.0%, step : 250, time : 0:00:08
n_episode :3440, score : 0.093, n_buffer : 50000, eps : 1.0%, step : 250, time : 0:00:08
n_episode :3460, score : -0.011, n_buffer : 50000, eps : 1.0%, step : 191, time : 0:00:06
n_episode :3480, score : -0.034, n_buffer : 50000, eps : 1.0%, step : 98, time : 0:00:03
n_episode :3500, score : -0.036, n_buffer : 50000, eps : 1.0%, step : 89, time : 0:00:02
n_episode :3520, score : 0.096, n_buffer : 50000, eps : 1.0%, step : 250, time : 0:00:07
n_episode :3540, score : -0.047, n_buffer : 50000, eps : 1.0%, step : 250, time : 0:00:08
n_episode :3560, score : 0.000, n_buffer : 50000, eps : 1.0%, step : 65, time : 0:00:02
n_episode :3580, score : -0.046, n_buffer : 50000, eps : 1.0%, step : 250, time : 0:00:07
n_episode :3600, score : -0.046, n_buffer : 50000, eps : 1.0%, step : 250, time : 0:00:07
n_episode :3620, score : -0.007, n_buffer : 50000, eps : 1.0%, step : 250, time : 0:00:08
n_episode :3640, score : -0.025, n_buffer : 50000, eps : 1.0%, step : 250, time : 0:00:07
n_episode :3660, score : -0.046, n_buffer : 50000, eps : 1.0%, step : 250, time : 0:00:08
n_episode :3680, score : -0.030, n_buffer : 50000, eps : 1.0%, step : 66, time : 0:00:02
n_episode :3700, score : -0.035, n_buffer : 50000, eps : 1.0%, step : 90, time : 0:00:02
n_episode :3720, score : -0.031, n_buffer : 50000, eps : 1.0%, step : 89, time : 0:00:02
n_episode :3740, score : -0.029, n_buffer : 50000, eps : 1.0%, step : 80, time : 0:00:02
n_episode :3760, score : -0.031, n_buffer : 50000, eps : 1.0%, step : 90, time : 0:00:02
n_episode :3780, score : -0.032, n_buffer : 50000, eps : 1.0%, step : 90, time : 0:00:02
n_episode :3800, score : -0.027, n_buffer : 50000, eps : 1.0%, step : 94, time : 0:00:02
n_episode :3820, score : -0.029, n_buffer : 50000, eps : 1.0%, step : 89, time : 0:00:02
n_episode :3840, score : -0.032, n_buffer : 50000, eps : 1.0%, step : 89, time : 0:00:02
n_episode :3860, score : -0.032, n_buffer : 50000, eps : 1.0%, step : 89, time : 0:00:02
n_episode :3880, score : -0.036, n_buffer : 50000, eps : 1.0%, step : 100, time : 0:00:03
n_episode :3900, score : 0.022, n_buffer : 50000, eps : 1.0%, step : 69, time : 0:00:02
n_episode :3920, score : -0.029, n_buffer : 50000, eps : 1.0%, step : 89, time : 0:00:02
n_episode :3940, score : -0.047, n_buffer : 50000, eps : 1.0%, step : 250, time : 0:00:07
n_episode :3960, score : -0.028, n_buffer : 50000, eps : 1.0%, step : 74, time : 0:00:02
n_episode :3980, score : -0.034, n_buffer : 50000, eps : 1.0%, step : 97, time : 0:00:03
n_episode :4000, score : -0.047, n_buffer : 50000, eps : 1.0%, step : 250, time : 0:00:08
n_episode :4020, score : -0.034, n_buffer : 50000, eps : 1.0%, step : 91, time : 0:00:02
n_episode :4040, score : 0.008, n_buffer : 50000, eps : 1.0%, step : 67, time : 0:00:02
n_episode :4060, score : -0.027, n_buffer : 50000, eps : 1.0%, step : 90, time : 0:00:02
n_episode :4080, score : -0.042, n_buffer : 50000, eps : 1.0%, step : 250, time : 0:00:07
n_episode :4100, score : -0.005, n_buffer : 50000, eps : 1.0%, step : 68, time : 0:00:02
n_episode :4120, score : 0.027, n_buffer : 50000, eps : 1.0%, step : 67, time : 0:00:02
n_episode :4140, score : -0.034, n_buffer : 50000, eps : 1.0%, step : 91, time : 0:00:02
n_episode :4160, score : 0.003, n_buffer : 50000, eps : 1.0%, step : 250, time : 0:00:07
n_episode :4180, score : -0.044, n_buffer : 50000, eps : 1.0%, step : 250, time : 0:00:08
n_episode :4200, score : -0.017, n_buffer : 50000, eps : 1.0%, step : 250, time : 0:00:08
n_episode :4220, score : -0.047, n_buffer : 50000, eps : 1.0%, step : 55, time : 0:00:01
n_episode :4240, score : 0.015, n_buffer : 50000, eps : 1.0%, step : 250, time : 0:00:08
n_episode :4260, score : -0.026, n_buffer : 50000, eps : 1.0%, step : 89, time : 0:00:02
n_episode :4280, score : -0.029, n_buffer : 50000, eps : 1.0%, step : 60, time : 0:00:01
n_episode :4300, score : -0.035, n_buffer : 50000, eps : 1.0%, step : 82, time : 0:00:02
n_episode :4320, score : -0.034, n_buffer : 50000, eps : 1.0%, step : 87, time : 0:00:02
n_episode :4340, score : -0.031, n_buffer : 50000, eps : 1.0%, step : 89, time : 0:00:02
n_episode :4360, score : -0.030, n_buffer : 50000, eps : 1.0%, step : 89, time : 0:00:02
n_episode :4380, score : -0.019, n_buffer : 50000, eps : 1.0%, step : 250, time : 0:00:08
n_episode :4400, score : 0.015, n_buffer : 50000, eps : 1.0%, step : 66, time : 0:00:02
n_episode :4420, score : -0.033, n_buffer : 50000, eps : 1.0%, step : 100, time : 0:00:03
n_episode :4440, score : -0.027, n_buffer : 50000, eps : 1.0%, step : 89, time : 0:00:02
n_episode :4460, score : -0.035, n_buffer : 50000, eps : 1.0%, step : 90, time : 0:00:02
n_episode :4480, score : -0.045, n_buffer : 50000, eps : 1.0%, step : 250, time : 0:00:07
n_episode :4500, score : 0.016, n_buffer : 50000, eps : 1.0%, step : 67, time : 0:00:02
n_episode :4520, score : -0.031, n_buffer : 50000, eps : 1.0%, step : 63, time : 0:00:01
n_episode :4540, score : -0.043, n_buffer : 50000, eps : 1.0%, step : 250, time : 0:00:07
n_episode :4560, score : -0.032, n_buffer : 50000, eps : 1.0%, step : 65, time : 0:00:02
n_episode :4580, score : -0.031, n_buffer : 50000, eps : 1.0%, step : 94, time : 0:00:02
n_episode :4600, score : -0.033, n_buffer : 50000, eps : 1.0%, step : 89, time : 0:00:02
n_episode :4620, score : -0.031, n_buffer : 50000, eps : 1.0%, step : 90, time : 0:00:02
n_episode :4640, score : -0.032, n_buffer : 50000, eps : 1.0%, step : 104, time : 0:00:03
n_episode :4660, score : 0.020, n_buffer : 50000, eps : 1.0%, step : 70, time : 0:00:02
n_episode :4680, score : -0.032, n_buffer : 50000, eps : 1.0%, step : 69, time : 0:00:02
n_episode :4700, score : -0.034, n_buffer : 50000, eps : 1.0%, step : 89, time : 0:00:02
n_episode :4720, score : 0.032, n_buffer : 50000, eps : 1.0%, step : 250, time : 0:00:08
n_episode :4740, score : -0.046, n_buffer : 50000, eps : 1.0%, step : 250, time : 0:00:07
n_episode :4760, score : -0.021, n_buffer : 50000, eps : 1.0%, step : 250, time : 0:00:08
n_episode :4780, score : 0.012, n_buffer : 50000, eps : 1.0%, step : 75, time : 0:00:02
n_episode :4800, score : -0.047, n_buffer : 50000, eps : 1.0%, step : 250, time : 0:00:08
n_episode :4820, score : -0.037, n_buffer : 50000, eps : 1.0%, step : 130, time : 0:00:03
n_episode :4840, score : -0.026, n_buffer : 50000, eps : 1.0%, step : 90, time : 0:00:02
n_episode :4860, score : -0.037, n_buffer : 50000, eps : 1.0%, step : 250, time : 0:00:07
n_episode :4880, score : -0.047, n_buffer : 50000, eps : 1.0%, step : 250, time : 0:00:08
n_episode :4900, score : 0.065, n_buffer : 50000, eps : 1.0%, step : 250, time : 0:00:07
n_episode :4920, score : -0.031, n_buffer : 50000, eps : 1.0%, step : 89, time : 0:00:02
n_episode :4940, score : 0.064, n_buffer : 50000, eps : 1.0%, step : 250, time : 0:00:08
n_episode :4960, score : -0.015, n_buffer : 50000, eps : 1.0%, step : 250, time : 0:00:08
n_episode :4980, score : -0.032, n_buffer : 50000, eps : 1.0%, step : 84, time : 0:00:02
n_episode :5000, score : -0.029, n_buffer : 50000, eps : 1.0%, step : 250, time : 0:00:08
n_episode :5020, score : -0.047, n_buffer : 50000, eps : 1.0%, step : 250, time : 0:00:07
n_episode :5040, score : -0.047, n_buffer : 50000, eps : 1.0%, step : 250, time : 0:00:07
n_episode :5060, score : -0.046, n_buffer : 50000, eps : 1.0%, step : 250, time : 0:00:08
n_episode :5080, score : -0.015, n_buffer : 50000, eps : 1.0%, step : 250, time : 0:00:07
n_episode :5100, score : -0.046, n_buffer : 50000, eps : 1.0%, step : 250, time : 0:00:07
n_episode :5120, score : -0.047, n_buffer : 50000, eps : 1.0%, step : 250, time : 0:00:08
n_episode :5140, score : -0.026, n_buffer : 50000, eps : 1.0%, step : 250, time : 0:00:07
n_episode :5160, score : 0.051, n_buffer : 50000, eps : 1.0%, step : 250, time : 0:00:08
n_episode :5180, score : -0.028, n_buffer : 50000, eps : 1.0%, step : 55, time : 0:00:01
n_episode :5200, score : 0.017, n_buffer : 50000, eps : 1.0%, step : 68, time : 0:00:02
n_episode :5220, score : -0.034, n_buffer : 50000, eps : 1.0%, step : 93, time : 0:00:02
n_episode :5240, score : -0.004, n_buffer : 50000, eps : 1.0%, step : 62, time : 0:00:02
n_episode :5260, score : -0.007, n_buffer : 50000, eps : 1.0%, step : 131, time : 0:00:04
n_episode :5280, score : -0.013, n_buffer : 50000, eps : 1.0%, step : 250, time : 0:00:08
n_episode :5300, score : 0.038, n_buffer : 50000, eps : 1.0%, step : 250, time : 0:00:07
n_episode :5320, score : -0.013, n_buffer : 50000, eps : 1.0%, step : 171, time : 0:00:05
n_episode :5340, score : -0.035, n_buffer : 50000, eps : 1.0%, step : 100, time : 0:00:03
n_episode :5360, score : -0.037, n_buffer : 50000, eps : 1.0%, step : 89, time : 0:00:02
n_episode :5380, score : 0.011, n_buffer : 50000, eps : 1.0%, step : 73, time : 0:00:02
n_episode :5400, score : 0.011, n_buffer : 50000, eps : 1.0%, step : 72, time : 0:00:02
n_episode :5420, score : -0.030, n_buffer : 50000, eps : 1.0%, step : 90, time : 0:00:02
n_episode :5440, score : 0.026, n_buffer : 50000, eps : 1.0%, step : 250, time : 0:00:08
n_episode :5460, score : 0.007, n_buffer : 50000, eps : 1.0%, step : 65, time : 0:00:02
n_episode :5480, score : -0.016, n_buffer : 50000, eps : 1.0%, step : 250, time : 0:00:08
n_episode :5500, score : 0.025, n_buffer : 50000, eps : 1.0%, step : 68, time : 0:00:02
n_episode :5520, score : -0.012, n_buffer : 50000, eps : 1.0%, step : 250, time : 0:00:07
n_episode :5540, score : -0.046, n_buffer : 50000, eps : 1.0%, step : 250, time : 0:00:08
n_episode :5560, score : -0.045, n_buffer : 50000, eps : 1.0%, step : 94, time : 0:00:02
n_episode :5580, score : -0.014, n_buffer : 50000, eps : 1.0%, step : 250, time : 0:00:08
n_episode :5600, score : -0.046, n_buffer : 50000, eps : 1.0%, step : 59, time : 0:00:01
n_episode :5620, score : -0.045, n_buffer : 50000, eps : 1.0%, step : 75, time : 0:00:02
n_episode :5640, score : -0.037, n_buffer : 50000, eps : 1.0%, step : 99, time : 0:00:03
n_episode :5660, score : -0.018, n_buffer : 50000, eps : 1.0%, step : 250, time : 0:00:07
n_episode :5680, score : 0.000, n_buffer : 50000, eps : 1.0%, step : 250, time : 0:00:08
n_episode :5700, score : -0.052, n_buffer : 50000, eps : 1.0%, step : 102, time : 0:00:03
n_episode :5720, score : -0.026, n_buffer : 50000, eps : 1.0%, step : 58, time : 0:00:01
n_episode :5740, score : -0.032, n_buffer : 50000, eps : 1.0%, step : 59, time : 0:00:01
n_episode :5760, score : -0.047, n_buffer : 50000, eps : 1.0%, step : 250, time : 0:00:08
n_episode :5780, score : -0.046, n_buffer : 50000, eps : 1.0%, step : 250, time : 0:00:08
n_episode :5800, score : -0.014, n_buffer : 50000, eps : 1.0%, step : 250, time : 0:00:08
n_episode :5820, score : -0.034, n_buffer : 50000, eps : 1.0%, step : 250, time : 0:00:07
n_episode :5840, score : -0.000, n_buffer : 50000, eps : 1.0%, step : 250, time : 0:00:07
n_episode :5860, score : -0.031, n_buffer : 50000, eps : 1.0%, step : 89, time : 0:00:02
n_episode :5880, score : -0.034, n_buffer : 50000, eps : 1.0%, step : 89, time : 0:00:02
n_episode :5900, score : -0.030, n_buffer : 50000, eps : 1.0%, step : 250, time : 0:00:08
n_episode :5920, score : -0.027, n_buffer : 50000, eps : 1.0%, step : 89, time : 0:00:02
n_episode :5940, score : 0.007, n_buffer : 50000, eps : 1.0%, step : 250, time : 0:00:08
n_episode :5960, score : 0.128, n_buffer : 50000, eps : 1.0%, step : 250, time : 0:00:07
n_episode :5980, score : -0.043, n_buffer : 50000, eps : 1.0%, step : 250, time : 0:00:08
n_episode :6000, score : -0.047, n_buffer : 50000, eps : 1.0%, step : 250, time : 0:00:08
n_episode :6020, score : -0.047, n_buffer : 50000, eps : 1.0%, step : 250, time : 0:00:07
n_episode :6040, score : -0.040, n_buffer : 50000, eps : 1.0%, step : 250, time : 0:00:07
n_episode :6060, score : -0.047, n_buffer : 50000, eps : 1.0%, step : 250, time : 0:00:08
n_episode :6080, score : -0.047, n_buffer : 50000, eps : 1.0%, step : 250, time : 0:00:07
n_episode :6100, score : -0.047, n_buffer : 50000, eps : 1.0%, step : 250, time : 0:00:07
n_episode :6120, score : -0.046, n_buffer : 50000, eps : 1.0%, step : 250, time : 0:00:07
n_episode :6140, score : -0.062, n_buffer : 50000, eps : 1.0%, step : 99, time : 0:00:03
n_episode :6160, score : -0.032, n_buffer : 50000, eps : 1.0%, step : 90, time : 0:00:02
n_episode :6180, score : -0.047, n_buffer : 50000, eps : 1.0%, step : 250, time : 0:00:08
n_episode :6200, score : -0.032, n_buffer : 50000, eps : 1.0%, step : 160, time : 0:00:05
n_episode :6220, score : -0.041, n_buffer : 50000, eps : 1.0%, step : 250, time : 0:00:08
n_episode :6240, score : -0.037, n_buffer : 50000, eps : 1.0%, step : 250, time : 0:00:07
n_episode :6260, score : -0.040, n_buffer : 50000, eps : 1.0%, step : 250, time : 0:00:08
n_episode :6280, score : -0.046, n_buffer : 50000, eps : 1.0%, step : 250, time : 0:00:07
n_episode :6300, score : -0.047, n_buffer : 50000, eps : 1.0%, step : 250, time : 0:00:07
n_episode :6320, score : -0.047, n_buffer : 50000, eps : 1.0%, step : 250, time : 0:00:07
n_episode :6340, score : -0.040, n_buffer : 50000, eps : 1.0%, step : 250, time : 0:00:07
n_episode :6360, score : -0.047, n_buffer : 50000, eps : 1.0%, step : 250, time : 0:00:08
n_episode :6380, score : -0.046, n_buffer : 50000, eps : 1.0%, step : 250, time : 0:00:07
n_episode :6400, score : -0.047, n_buffer : 50000, eps : 1.0%, step : 250, time : 0:00:08
n_episode :6420, score : -0.047, n_buffer : 50000, eps : 1.0%, step : 250, time : 0:00:07
n_episode :6440, score : -0.047, n_buffer : 50000, eps : 1.0%, step : 250, time : 0:00:08
n_episode :6460, score : -0.044, n_buffer : 50000, eps : 1.0%, step : 250, time : 0:00:07
n_episode :6480, score : -0.046, n_buffer : 50000, eps : 1.0%, step : 250, time : 0:00:07
n_episode :6500, score : -0.047, n_buffer : 50000, eps : 1.0%, step : 250, time : 0:00:07
n_episode :6520, score : -0.047, n_buffer : 50000, eps : 1.0%, step : 250, time : 0:00:08
n_episode :6540, score : -0.042, n_buffer : 50000, eps : 1.0%, step : 250, time : 0:00:08
n_episode :6560, score : -0.046, n_buffer : 50000, eps : 1.0%, step : 250, time : 0:00:07
n_episode :6580, score : -0.030, n_buffer : 50000, eps : 1.0%, step : 89, time : 0:00:02
n_episode :6600, score : -0.029, n_buffer : 50000, eps : 1.0%, step : 90, time : 0:00:02
n_episode :6620, score : -0.030, n_buffer : 50000, eps : 1.0%, step : 77, time : 0:00:02
n_episode :6640, score : -0.029, n_buffer : 50000, eps : 1.0%, step : 89, time : 0:00:02
n_episode :6660, score : -0.029, n_buffer : 50000, eps : 1.0%, step : 93, time : 0:00:02
n_episode :6680, score : -0.042, n_buffer : 50000, eps : 1.0%, step : 250, time : 0:00:08
n_episode :6700, score : -0.032, n_buffer : 50000, eps : 1.0%, step : 94, time : 0:00:02
n_episode :6720, score : -0.020, n_buffer : 50000, eps : 1.0%, step : 250, time : 0:00:08
n_episode :6740, score : -0.047, n_buffer : 50000, eps : 1.0%, step : 250, time : 0:00:08
n_episode :6760, score : -0.024, n_buffer : 50000, eps : 1.0%, step : 250, time : 0:00:08
n_episode :6780, score : -0.047, n_buffer : 50000, eps : 1.0%, step : 250, time : 0:00:08
n_episode :6800, score : -0.046, n_buffer : 50000, eps : 1.0%, step : 250, time : 0:00:07
n_episode :6820, score : -0.034, n_buffer : 50000, eps : 1.0%, step : 250, time : 0:00:08
n_episode :6840, score : -0.011, n_buffer : 50000, eps : 1.0%, step : 250, time : 0:00:08
n_episode :6860, score : -0.027, n_buffer : 50000, eps : 1.0%, step : 59, time : 0:00:01
n_episode :6880, score : -0.043, n_buffer : 50000, eps : 1.0%, step : 162, time : 0:00:04
n_episode :6900, score : -0.046, n_buffer : 50000, eps : 1.0%, step : 250, time : 0:00:07
n_episode :6920, score : -0.045, n_buffer : 50000, eps : 1.0%, step : 250, time : 0:00:08
n_episode :6940, score : 0.008, n_buffer : 50000, eps : 1.0%, step : 250, time : 0:00:08
n_episode :6960, score : -0.016, n_buffer : 50000, eps : 1.0%, step : 101, time : 0:00:03
n_episode :6980, score : -0.035, n_buffer : 50000, eps : 1.0%, step : 89, time : 0:00:02
n_episode :7000, score : -0.045, n_buffer : 50000, eps : 1.0%, step : 250, time : 0:00:08
n_episode :7020, score : -0.007, n_buffer : 50000, eps : 1.0%, step : 250, time : 0:00:08
n_episode :7040, score : -0.039, n_buffer : 50000, eps : 1.0%, step : 250, time : 0:00:08
n_episode :7060, score : -0.032, n_buffer : 50000, eps : 1.0%, step : 98, time : 0:00:03
n_episode :7080, score : -0.038, n_buffer : 50000, eps : 1.0%, step : 111, time : 0:00:03
n_episode :7100, score : -0.038, n_buffer : 50000, eps : 1.0%, step : 112, time : 0:00:03
n_episode :7120, score : -0.047, n_buffer : 50000, eps : 1.0%, step : 250, time : 0:00:08
n_episode :7140, score : -0.032, n_buffer : 50000, eps : 1.0%, step : 250, time : 0:00:08
n_episode :7160, score : 0.013, n_buffer : 50000, eps : 1.0%, step : 72, time : 0:00:02
n_episode :7180, score : -0.024, n_buffer : 50000, eps : 1.0%, step : 250, time : 0:00:08
n_episode :7200, score : -0.043, n_buffer : 50000, eps : 1.0%, step : 250, time : 0:00:08
n_episode :7220, score : -0.047, n_buffer : 50000, eps : 1.0%, step : 250, time : 0:00:08
n_episode :7240, score : -0.046, n_buffer : 50000, eps : 1.0%, step : 250, time : 0:00:07
n_episode :7260, score : -0.016, n_buffer : 50000, eps : 1.0%, step : 250, time : 0:00:08
n_episode :7280, score : -0.010, n_buffer : 50000, eps : 1.0%, step : 250, time : 0:00:07
n_episode :7300, score : -0.019, n_buffer : 50000, eps : 1.0%, step : 250, time : 0:00:08
n_episode :7320, score : -0.046, n_buffer : 50000, eps : 1.0%, step : 250, time : 0:00:07
n_episode :7340, score : -0.047, n_buffer : 50000, eps : 1.0%, step : 250, time : 0:00:08
n_episode :7360, score : -0.047, n_buffer : 50000, eps : 1.0%, step : 250, time : 0:00:08
n_episode :7380, score : -0.047, n_buffer : 50000, eps : 1.0%, step : 250, time : 0:00:08
n_episode :7400, score : -0.046, n_buffer : 50000, eps : 1.0%, step : 250, time : 0:00:08
n_episode :7420, score : -0.046, n_buffer : 50000, eps : 1.0%, step : 250, time : 0:00:08
n_episode :7440, score : -0.013, n_buffer : 50000, eps : 1.0%, step : 250, time : 0:00:07
n_episode :7460, score : -0.047, n_buffer : 50000, eps : 1.0%, step : 250, time : 0:00:08
n_episode :7480, score : -0.028, n_buffer : 50000, eps : 1.0%, step : 250, time : 0:00:08
n_episode :7500, score : -0.046, n_buffer : 50000, eps : 1.0%, step : 250, time : 0:00:07
n_episode :7520, score : -0.047, n_buffer : 50000, eps : 1.0%, step : 250, time : 0:00:07
n_episode :7540, score : -0.046, n_buffer : 50000, eps : 1.0%, step : 250, time : 0:00:07
n_episode :7560, score : -0.046, n_buffer : 50000, eps : 1.0%, step : 250, time : 0:00:07
n_episode :7580, score : -0.047, n_buffer : 50000, eps : 1.0%, step : 250, time : 0:00:08
n_episode :7600, score : -0.014, n_buffer : 50000, eps : 1.0%, step : 250, time : 0:00:08
n_episode :7620, score : -0.005, n_buffer : 50000, eps : 1.0%, step : 250, time : 0:00:08
n_episode :7640, score : -0.046, n_buffer : 50000, eps : 1.0%, step : 250, time : 0:00:08
n_episode :7660, score : -0.047, n_buffer : 50000, eps : 1.0%, step : 250, time : 0:00:08
n_episode :7680, score : -0.046, n_buffer : 50000, eps : 1.0%, step : 250, time : 0:00:07
n_episode :7700, score : -0.042, n_buffer : 50000, eps : 1.0%, step : 250, time : 0:00:08
n_episode :7720, score : -0.043, n_buffer : 50000, eps : 1.0%, step : 250, time : 0:00:08
n_episode :7740, score : -0.047, n_buffer : 50000, eps : 1.0%, step : 250, time : 0:00:08
n_episode :7760, score : -0.042, n_buffer : 50000, eps : 1.0%, step : 250, time : 0:00:08
n_episode :7780, score : -0.047, n_buffer : 50000, eps : 1.0%, step : 250, time : 0:00:08
n_episode :7800, score : -0.046, n_buffer : 50000, eps : 1.0%, step : 250, time : 0:00:07
n_episode :7820, score : -0.046, n_buffer : 50000, eps : 1.0%, step : 250, time : 0:00:08
n_episode :7840, score : -0.043, n_buffer : 50000, eps : 1.0%, step : 250, time : 0:00:08
n_episode :7860, score : -0.047, n_buffer : 50000, eps : 1.0%, step : 250, time : 0:00:08
n_episode :7880, score : -0.047, n_buffer : 50000, eps : 1.0%, step : 250, time : 0:00:08
n_episode :7900, score : -0.026, n_buffer : 50000, eps : 1.0%, step : 250, time : 0:00:07
n_episode :7920, score : -0.046, n_buffer : 50000, eps : 1.0%, step : 250, time : 0:00:07
n_episode :7940, score : -0.027, n_buffer : 50000, eps : 1.0%, step : 250, time : 0:00:08
n_episode :7960, score : -0.035, n_buffer : 50000, eps : 1.0%, step : 250, time : 0:00:08
n_episode :7980, score : -0.046, n_buffer : 50000, eps : 1.0%, step : 250, time : 0:00:07
n_episode :8000, score : -0.047, n_buffer : 50000, eps : 1.0%, step : 250, time : 0:00:08
n_episode :8020, score : -0.028, n_buffer : 50000, eps : 1.0%, step : 250, time : 0:00:08
n_episode :8040, score : -0.047, n_buffer : 50000, eps : 1.0%, step : 250, time : 0:00:08
n_episode :8060, score : -0.033, n_buffer : 50000, eps : 1.0%, step : 74, time : 0:00:02
n_episode :8080, score : -0.046, n_buffer : 50000, eps : 1.0%, step : 250, time : 0:00:07
n_episode :8100, score : -0.047, n_buffer : 50000, eps : 1.0%, step : 250, time : 0:00:08
n_episode :8120, score : -0.037, n_buffer : 50000, eps : 1.0%, step : 250, time : 0:00:08
n_episode :8140, score : -0.047, n_buffer : 50000, eps : 1.0%, step : 250, time : 0:00:08
n_episode :8160, score : -0.056, n_buffer : 50000, eps : 1.0%, step : 139, time : 0:00:04
n_episode :8180, score : -0.047, n_buffer : 50000, eps : 1.0%, step : 250, time : 0:00:08
n_episode :8200, score : -0.039, n_buffer : 50000, eps : 1.0%, step : 250, time : 0:00:08
n_episode :8220, score : -0.047, n_buffer : 50000, eps : 1.0%, step : 250, time : 0:00:08
n_episode :8240, score : -0.034, n_buffer : 50000, eps : 1.0%, step : 250, time : 0:00:07
n_episode :8260, score : -0.043, n_buffer : 50000, eps : 1.0%, step : 250, time : 0:00:08
n_episode :8280, score : -0.036, n_buffer : 50000, eps : 1.0%, step : 250, time : 0:00:08
n_episode :8300, score : -0.046, n_buffer : 50000, eps : 1.0%, step : 250, time : 0:00:07
n_episode :8320, score : -0.043, n_buffer : 50000, eps : 1.0%, step : 250, time : 0:00:07
n_episode :8340, score : -0.028, n_buffer : 50000, eps : 1.0%, step : 103, time : 0:00:03
n_episode :8360, score : -0.047, n_buffer : 50000, eps : 1.0%, step : 250, time : 0:00:08
n_episode :8380, score : -0.047, n_buffer : 50000, eps : 1.0%, step : 250, time : 0:00:07
n_episode :8400, score : -0.047, n_buffer : 50000, eps : 1.0%, step : 250, time : 0:00:08
n_episode :8420, score : -0.047, n_buffer : 50000, eps : 1.0%, step : 250, time : 0:00:07
n_episode :8440, score : -0.038, n_buffer : 50000, eps : 1.0%, step : 94, time : 0:00:03
n_episode :8460, score : -0.030, n_buffer : 50000, eps : 1.0%, step : 89, time : 0:00:02
n_episode :8480, score : -0.031, n_buffer : 50000, eps : 1.0%, step : 91, time : 0:00:02
n_episode :8500, score : -0.045, n_buffer : 50000, eps : 1.0%, step : 250, time : 0:00:08
n_episode :8520, score : 0.022, n_buffer : 50000, eps : 1.0%, step : 67, time : 0:00:02
n_episode :8540, score : -0.028, n_buffer : 50000, eps : 1.0%, step : 104, time : 0:00:03
n_episode :8560, score : -0.038, n_buffer : 50000, eps : 1.0%, step : 101, time : 0:00:03
n_episode :8580, score : -0.011, n_buffer : 50000, eps : 1.0%, step : 250, time : 0:00:08
n_episode :8600, score : 0.000, n_buffer : 50000, eps : 1.0%, step : 250, time : 0:00:07
n_episode :8620, score : -0.041, n_buffer : 50000, eps : 1.0%, step : 250, time : 0:00:08
n_episode :8640, score : -0.047, n_buffer : 50000, eps : 1.0%, step : 250, time : 0:00:08
n_episode :8660, score : -0.041, n_buffer : 50000, eps : 1.0%, step : 250, time : 0:00:08
n_episode :8680, score : -0.047, n_buffer : 50000, eps : 1.0%, step : 250, time : 0:00:08
n_episode :8700, score : -0.047, n_buffer : 50000, eps : 1.0%, step : 250, time : 0:00:08
n_episode :8720, score : -0.038, n_buffer : 50000, eps : 1.0%, step : 250, time : 0:00:08
n_episode :8740, score : -0.030, n_buffer : 50000, eps : 1.0%, step : 89, time : 0:00:02
n_episode :8760, score : -0.002, n_buffer : 50000, eps : 1.0%, step : 250, time : 0:00:07
n_episode :8780, score : -0.040, n_buffer : 50000, eps : 1.0%, step : 250, time : 0:00:08
n_episode :8800, score : -0.031, n_buffer : 50000, eps : 1.0%, step : 89, time : 0:00:02
n_episode :8820, score : -0.045, n_buffer : 50000, eps : 1.0%, step : 250, time : 0:00:08
n_episode :8840, score : -0.025, n_buffer : 50000, eps : 1.0%, step : 89, time : 0:00:02
n_episode :8860, score : -0.033, n_buffer : 50000, eps : 1.0%, step : 106, time : 0:00:03
n_episode :8880, score : -0.035, n_buffer : 50000, eps : 1.0%, step : 89, time : 0:00:02
n_episode :8900, score : -0.010, n_buffer : 50000, eps : 1.0%, step : 250, time : 0:00:08
n_episode :8920, score : -0.035, n_buffer : 50000, eps : 1.0%, step : 250, time : 0:00:08
n_episode :8940, score : -0.047, n_buffer : 50000, eps : 1.0%, step : 250, time : 0:00:08
n_episode :8960, score : -0.037, n_buffer : 50000, eps : 1.0%, step : 250, time : 0:00:08
n_episode :8980, score : -0.042, n_buffer : 50000, eps : 1.0%, step : 250, time : 0:00:08
n_episode :9000, score : -0.046, n_buffer : 50000, eps : 1.0%, step : 250, time : 0:00:07
n_episode :9020, score : -0.047, n_buffer : 50000, eps : 1.0%, step : 250, time : 0:00:08
n_episode :9040, score : -0.046, n_buffer : 50000, eps : 1.0%, step : 250, time : 0:00:07
n_episode :9060, score : -0.045, n_buffer : 50000, eps : 1.0%, step : 250, time : 0:00:08
n_episode :9080, score : -0.047, n_buffer : 50000, eps : 1.0%, step : 250, time : 0:00:08
n_episode :9100, score : -0.046, n_buffer : 50000, eps : 1.0%, step : 250, time : 0:00:08
n_episode :9120, score : -0.046, n_buffer : 50000, eps : 1.0%, step : 250, time : 0:00:07
n_episode :9140, score : -0.043, n_buffer : 50000, eps : 1.0%, step : 250, time : 0:00:08
n_episode :9160, score : -0.047, n_buffer : 50000, eps : 1.0%, step : 250, time : 0:00:08
n_episode :9180, score : -0.046, n_buffer : 50000, eps : 1.0%, step : 250, time : 0:00:08
n_episode :9200, score : -0.040, n_buffer : 50000, eps : 1.0%, step : 250, time : 0:00:07
n_episode :9220, score : -0.047, n_buffer : 50000, eps : 1.0%, step : 250, time : 0:00:07
n_episode :9240, score : -0.024, n_buffer : 50000, eps : 1.0%, step : 250, time : 0:00:08
n_episode :9260, score : -0.031, n_buffer : 50000, eps : 1.0%, step : 250, time : 0:00:08
n_episode :9280, score : -0.047, n_buffer : 50000, eps : 1.0%, step : 250, time : 0:00:07
n_episode :9300, score : -0.042, n_buffer : 50000, eps : 1.0%, step : 250, time : 0:00:07
n_episode :9320, score : -0.047, n_buffer : 50000, eps : 1.0%, step : 250, time : 0:00:07
n_episode :9340, score : -0.040, n_buffer : 50000, eps : 1.0%, step : 250, time : 0:00:07
n_episode :9360, score : -0.046, n_buffer : 50000, eps : 1.0%, step : 250, time : 0:00:07
n_episode :9380, score : -0.042, n_buffer : 50000, eps : 1.0%, step : 250, time : 0:00:08
n_episode :9400, score : -0.042, n_buffer : 50000, eps : 1.0%, step : 250, time : 0:00:08
n_episode :9420, score : -0.041, n_buffer : 50000, eps : 1.0%, step : 250, time : 0:00:07
n_episode :9440, score : -0.047, n_buffer : 50000, eps : 1.0%, step : 250, time : 0:00:07
n_episode :9460, score : -0.042, n_buffer : 50000, eps : 1.0%, step : 250, time : 0:00:08
n_episode :9480, score : -0.047, n_buffer : 50000, eps : 1.0%, step : 250, time : 0:00:07
n_episode :9500, score : -0.046, n_buffer : 50000, eps : 1.0%, step : 250, time : 0:00:07
n_episode :9520, score : -0.047, n_buffer : 50000, eps : 1.0%, step : 250, time : 0:00:07
n_episode :9540, score : -0.044, n_buffer : 50000, eps : 1.0%, step : 250, time : 0:00:07
n_episode :9560, score : -0.047, n_buffer : 50000, eps : 1.0%, step : 250, time : 0:00:07
n_episode :9580, score : -0.044, n_buffer : 50000, eps : 1.0%, step : 250, time : 0:00:08
n_episode :9600, score : -0.047, n_buffer : 50000, eps : 1.0%, step : 250, time : 0:00:08
n_episode :9620, score : -0.046, n_buffer : 50000, eps : 1.0%, step : 250, time : 0:00:07
n_episode :9640, score : -0.047, n_buffer : 50000, eps : 1.0%, step : 250, time : 0:00:07
n_episode :9660, score : -0.043, n_buffer : 50000, eps : 1.0%, step : 250, time : 0:00:08
n_episode :9680, score : -0.046, n_buffer : 50000, eps : 1.0%, step : 250, time : 0:00:07
n_episode :9700, score : -0.046, n_buffer : 50000, eps : 1.0%, step : 250, time : 0:00:07
n_episode :9720, score : -0.043, n_buffer : 50000, eps : 1.0%, step : 250, time : 0:00:07
n_episode :9740, score : -0.047, n_buffer : 50000, eps : 1.0%, step : 250, time : 0:00:07
n_episode :9760, score : -0.043, n_buffer : 50000, eps : 1.0%, step : 250, time : 0:00:08
n_episode :9780, score : -0.047, n_buffer : 50000, eps : 1.0%, step : 250, time : 0:00:07
n_episode :9800, score : -0.038, n_buffer : 50000, eps : 1.0%, step : 250, time : 0:00:07
n_episode :9820, score : -0.047, n_buffer : 50000, eps : 1.0%, step : 250, time : 0:00:07
n_episode :9840, score : -0.046, n_buffer : 50000, eps : 1.0%, step : 250, time : 0:00:07
n_episode :9860, score : -0.047, n_buffer : 50000, eps : 1.0%, step : 250, time : 0:00:07
n_episode :9880, score : -0.044, n_buffer : 50000, eps : 1.0%, step : 250, time : 0:00:07
n_episode :9900, score : -0.047, n_buffer : 50000, eps : 1.0%, step : 250, time : 0:00:07
n_episode :9920, score : -0.041, n_buffer : 50000, eps : 1.0%, step : 250, time : 0:00:08
n_episode :9940, score : -0.043, n_buffer : 50000, eps : 1.0%, step : 250, time : 0:00:08
n_episode :9960, score : -0.041, n_buffer : 50000, eps : 1.0%, step : 250, time : 0:00:07
n_episode :9980, score : -0.046, n_buffer : 50000, eps : 1.0%, step : 250, time : 0:00:07
RL end
end_time: 2023-12-14 05:19:06 PM
